\BOOKMARK [1][-]{section*.2}{\376\377\000I\000n\000t\000r\000o\000d\000u\000c\000t\000i\000o\000n}{}% 1
\BOOKMARK [2][-]{section*.3}{\376\377\0001\000.\000\040\000C\000e\000n\000t\000r\000a\000l\000\040\000p\000r\000o\000b\000l\000e\000m}{section*.2}% 2
\BOOKMARK [2][-]{section*.4}{\376\377\0002\000.\000\040\000M\000o\000t\000i\000v\000a\000t\000i\000o\000n}{section*.2}% 3
\BOOKMARK [2][-]{section*.5}{\376\377\0003\000.\000\040\000M\000a\000i\000n\000\040\000m\000o\000d\000e\000l\000i\000n\000g\000\040\000i\000d\000e\000a}{section*.2}% 4
\BOOKMARK [1][-]{section*.6}{\376\377\000D\000a\000t\000a\000s\000e\000t}{}% 5
\BOOKMARK [2][-]{section*.7}{\376\377\0001\000.\000\040\000D\000a\000t\000a\000\040\000d\000e\000s\000c\000r\000i\000p\000t\000i\000o\000n}{section*.6}% 6
\BOOKMARK [2][-]{section*.8}{\376\377\0002\000.\000\040\000D\000a\000t\000a\000\040\000s\000o\000u\000r\000c\000e\000\040\000a\000n\000d\000\040\000a\000n\000a\000l\000y\000s\000i\000s\000\040\000d\000i\000f\000f\000e\000r\000e\000n\000c\000e}{section*.6}% 7
\BOOKMARK [2][-]{section*.9}{\376\377\0003\000.\000\040\000F\000e\000a\000t\000u\000r\000e\000\040\000s\000e\000l\000e\000c\000t\000i\000o\000n\000\040\000a\000n\000d\000\040\000d\000a\000t\000a\000\040\000c\000l\000e\000a\000n\000i\000n\000g}{section*.6}% 8
\BOOKMARK [1][-]{section*.10}{\376\377\000S\000e\000p\000a\000r\000a\000t\000e\000\040\000m\000o\000d\000e\000l}{}% 9
\BOOKMARK [2][-]{section*.11}{\376\377\0001\000.\000\040\000M\000o\000d\000e\000l\000\040\000d\000e\000s\000c\000r\000i\000p\000t\000i\000o\000n}{section*.10}% 10
\BOOKMARK [2][-]{section*.12}{\376\377\0002\000.\000\040\000P\000r\000i\000o\000r\000\040\000c\000h\000o\000i\000c\000e\000\040\000a\000n\000d\000\040\000j\000u\000s\000t\000i\000f\000i\000c\000a\000t\000i\000o\000n\000s}{section*.10}% 11
\BOOKMARK [2][-]{section*.13}{\376\377\0003\000.\000\040\000S\000t\000a\000n\000\040\000c\000o\000d\000e\000\040\000a\000n\000d\000\040\000r\000u\000n\000n\000i\000n\000g\000\040\000o\000p\000t\000i\000o\000n\000s}{section*.10}% 12
\BOOKMARK [2][-]{section*.14}{\376\377\0004\000.\000\040\000C\000o\000n\000v\000e\000r\000g\000e\000n\000c\000e\000\040\000d\000i\000a\000g\000n\000o\000s\000t\000i\000c\000s}{section*.10}% 13
\BOOKMARK [2][-]{section*.15}{\376\377\0005\000.\000\040\000P\000o\000s\000t\000e\000r\000i\000o\000r\000\040\000p\000r\000e\000d\000i\000c\000t\000i\000v\000e\000\040\000c\000h\000e\000c\000k\000s}{section*.10}% 14
\BOOKMARK [2][-]{section*.16}{\376\377\0006\000.\000\040\000P\000r\000e\000d\000i\000c\000t\000i\000v\000e\000\040\000p\000e\000r\000f\000o\000r\000m\000a\000n\000c\000e\000\040\000a\000s\000s\000e\000s\000s\000m\000e\000n\000t}{section*.10}% 15
\BOOKMARK [2][-]{section*.17}{\376\377\0007\000.\000\040\000P\000r\000i\000o\000r\000\040\000s\000e\000n\000s\000i\000t\000i\000v\000i\000t\000y\000\040\000a\000n\000a\000l\000y\000s\000i\000s}{section*.10}% 16
\BOOKMARK [1][-]{section*.18}{\376\377\000P\000o\000o\000l\000e\000d\000\040\000m\000o\000d\000e\000l}{}% 17
\BOOKMARK [2][-]{section*.19}{\376\377\0001\000.\000\040\000M\000o\000d\000e\000l\000\040\000d\000e\000s\000c\000r\000i\000p\000t\000i\000o\000n}{section*.18}% 18
\BOOKMARK [2][-]{section*.20}{\376\377\0002\000.\000\040\000P\000r\000i\000o\000r\000\040\000c\000h\000o\000i\000c\000e\000\040\000a\000n\000d\000\040\000j\000u\000s\000t\000i\000f\000i\000c\000a\000t\000i\000o\000n\000s}{section*.18}% 19
\BOOKMARK [2][-]{section*.21}{\376\377\0003\000.\000\040\000S\000t\000a\000n\000\040\000c\000o\000d\000e\000\040\000a\000n\000d\000\040\000r\000u\000n\000n\000i\000n\000g\000\040\000o\000p\000t\000i\000o\000n\000s}{section*.18}% 20
\BOOKMARK [2][-]{section*.22}{\376\377\0004\000.\000\040\000C\000o\000n\000v\000e\000r\000g\000e\000n\000c\000e\000\040\000d\000i\000a\000g\000n\000o\000s\000t\000i\000c\000s}{section*.18}% 21
\BOOKMARK [2][-]{section*.23}{\376\377\0005\000.\000\040\000P\000o\000s\000t\000e\000r\000i\000o\000r\000\040\000p\000r\000e\000d\000i\000c\000t\000i\000v\000e\000\040\000c\000h\000e\000c\000k\000s}{section*.18}% 22
\BOOKMARK [2][-]{section*.24}{\376\377\0006\000.\000\040\000P\000r\000e\000d\000i\000c\000t\000i\000v\000e\000\040\000p\000e\000r\000f\000o\000r\000m\000a\000n\000c\000e\000\040\000a\000s\000s\000e\000s\000s\000m\000e\000n\000t}{section*.18}% 23
\BOOKMARK [2][-]{section*.25}{\376\377\0007\000.\000\040\000P\000r\000i\000o\000r\000\040\000s\000e\000n\000s\000i\000t\000i\000v\000i\000t\000y\000\040\000a\000n\000a\000l\000y\000s\000i\000s}{section*.18}% 24
\BOOKMARK [1][-]{section*.26}{\376\377\000M\000o\000d\000e\000l\000\040\000c\000o\000m\000p\000a\000r\000i\000s\000o\000n}{}% 25
\BOOKMARK [1][-]{section*.27}{\376\377\000D\000i\000s\000c\000u\000s\000s\000i\000o\000n}{}% 26
\BOOKMARK [1][-]{section*.28}{\376\377\000C\000o\000n\000c\000l\000u\000s\000i\000o\000n}{}% 27
\BOOKMARK [1][-]{section*.29}{\376\377\000R\000e\000f\000l\000e\000c\000t\000i\000o\000n}{}% 28
\BOOKMARK [1][-]{section*.30}{\376\377\000R\000e\000f\000e\000r\000e\000n\000c\000e\000s}{}% 29
